<?xml version="1.0" encoding="UTF-8"?>
<testng-results ignored="0" total="1" passed="1" failed="0" skipped="0">
  <reporter-output>
  </reporter-output>
  <suite started-at="2023-11-24T12:02:26Z" name="Surefire suite" finished-at="2023-11-24T12:02:26Z" duration-ms="111">
    <groups>
    </groups>
    <test started-at="2023-11-24T12:02:26Z" name="Surefire test" finished-at="2023-11-24T12:02:26Z" duration-ms="111">
      <class name="org.test.InsureMeTest.AppTest">
        <test-method signature="shouldAnswerWithTrue()" started-at="2023-11-24T17:32:26Z" name="shouldAnswerWithTrue" finished-at="2023-11-24T17:32:26Z" duration-ms="24" status="PASS">
          <reporter-output>
          </reporter-output>
        </test-method> <!-- shouldAnswerWithTrue -->
      </class> <!-- org.test.InsureMeTest.AppTest -->
    </test> <!-- Surefire test -->
  </suite> <!-- Surefire suite -->
</testng-results>
